<?xml version="1.0" encoding="UTF-8"?>
<!-- Generated by org.testng.reporters.JUnitReportReporter -->
<testsuite hostname="Dibyansh_Verma" failures="0" tests="2" name="DibyanshVerma.FrameworkECommerce.Standalonetest" time="24.608" errors="0" timestamp="2024-05-30T18:41:56 IST" skipped="0">
  <testcase classname="DibyanshVerma.FrameworkECommerce.Standalonetest" name="submitorder" time="12.565"/>
  <testcase classname="DibyanshVerma.FrameworkECommerce.Standalonetest" name="submitorder" time="12.043"/>
</testsuite> <!-- DibyanshVerma.FrameworkECommerce.Standalonetest -->
