<?xml version="1.0" encoding="UTF-8"?>
<!-- Generated by org.testng.reporters.JUnitReportReporter -->
<testsuite hostname="Dibyansh_Verma" failures="0" tests="2" name="DibyanshVerma.FrameworkECommerce.Standalonetest" time="23.739" errors="0" timestamp="2024-05-30T18:56:56 IST" skipped="0">
  <testcase classname="DibyanshVerma.FrameworkECommerce.Standalonetest" name="submitorder" time="11.345"/>
  <testcase classname="DibyanshVerma.FrameworkECommerce.Standalonetest" name="submitorder" time="12.394"/>
</testsuite> <!-- DibyanshVerma.FrameworkECommerce.Standalonetest -->
