<?xml version="1.0" encoding="UTF-8"?>
<!-- Generated by org.testng.reporters.JUnitReportReporter -->
<testsuite hostname="Dibyansh_Verma" failures="0" tests="2" name="DibyanshVerma.FrameworkECommerce.Standalonetest" time="27.364" errors="0" timestamp="2024-05-30T23:48:31 IST" skipped="0">
  <testcase classname="DibyanshVerma.FrameworkECommerce.Standalonetest" name="submitorder" time="13.626"/>
  <testcase classname="DibyanshVerma.FrameworkECommerce.Standalonetest" name="submitorder" time="13.738"/>
</testsuite> <!-- DibyanshVerma.FrameworkECommerce.Standalonetest -->
