<?xml version="1.0" encoding="UTF-8"?>
<!-- Generated by org.testng.reporters.JUnitReportReporter -->
<testsuite hostname="Dibyansh_Verma" failures="0" tests="2" name="DibyanshVerma.FrameworkECommerce.Standalonetest" time="15.483" errors="0" timestamp="2024-06-02T06:28:45 IST" skipped="0">
  <testcase classname="DibyanshVerma.FrameworkECommerce.Standalonetest" name="submitorder" time="6.731"/>
  <testcase classname="DibyanshVerma.FrameworkECommerce.Standalonetest" name="submitorder" time="8.752"/>
</testsuite> <!-- DibyanshVerma.FrameworkECommerce.Standalonetest -->
